<?xml version="1.0" encoding="UTF-8"?>
<!-- Generated by org.testng.reporters.JUnitReportReporter -->
<testsuite skipped="0" hostname="aboni" name="com.pru.amazon.SearchTest" tests="1" failures="0" timestamp="2020-03-20T12:24:10 EDT" time="21.369" errors="0">
  <testcase name="testSearch" time="21.369" classname="com.pru.amazon.SearchTest"/>
  <system-out/>
</testsuite> <!-- com.pru.amazon.SearchTest -->
